<?xml version="1.0" encoding="UTF-8"?>
<!-- Generated by org.testng.reporters.JUnitXMLReporter -->
<testsuite ignored="1" hostname="LAPTOP-FQ655NHB" failures="0" tests="1" name="Test" time="11.157" errors="0" timestamp="2024-11-07T04:22:23 IST">
  <testcase classname="com.Doms.WelecomeTest.VerifyWelcomePageTest" name="verifyWelcomepageWithValidInput" time="2.557"/>
  <testcase classname="com.Doms.WelecomeTest.VerifyWelcomePageTest" name="verifyWelcomepageWithInValidInput" time="0.0">
    <ignored/>
  </testcase> <!-- verifyWelcomepageWithInValidInput -->
</testsuite> <!-- Test -->
