<?xml version="1.0" encoding="UTF-8"?>
<!-- Generated by org.testng.reporters.JUnitXMLReporter -->
<testsuite ignored="0" hostname="LAPTOP-FQ655NHB" failures="1" tests="12" name="ChromeTest" time="0.096" errors="0" timestamp="2024-10-28T15:41:38 IST">
  <testcase classname="com.Doms.ProductTest.WomenProductTest" name="addProduct" time="0.015">
    <failure type="java.lang.Error" message="Unresolved compilation problems: 
	Syntax error, insert &amp;quot;VariableDeclarators&amp;quot; to complete LocalVariableDeclaration
	Syntax error, insert &amp;quot;;&amp;quot; to complete LocalVariableDeclarationStatement
	kdjfhduffjf cannot be resolved
">
      <![CDATA[java.lang.Error: Unresolved compilation problems: 
Syntax error, insert "VariableDeclarators" to complete LocalVariableDeclaration
Syntax error, insert ";" to complete LocalVariableDeclarationStatement
kdjfhduffjf cannot be resolved

at com.Doms.ProductTest.WomenProductTest.addProduct(WomenProductTest.java:10)
at java.base/java.util.ArrayList.forEach(ArrayList.java:1597)
... Removed 25 stack frames]]>
    </failure>
  </testcase> <!-- addProduct -->
  <testcase classname="com.Doms.ProductTest.WomenProductTest" name="removeProduct" time="0.002"/>
  <testcase classname="com.Doms.ProductTest.WomenProductTest" name="updateProduct" time="0.002"/>
  <testcase classname="com.Doms.ProductTest.KidsProductTest" name="addProduct" time="0.001"/>
  <testcase classname="com.Doms.ProductTest.KidsProductTest" name="removeProduct" time="0.001"/>
  <testcase classname="com.Doms.ProductTest.KidsProductTest" name="updateProduct" time="0.001"/>
  <testcase classname="com.Doms.ProductTest.ElectronicProductTest" name="addProduct" time="0.001"/>
  <testcase classname="com.Doms.ProductTest.ElectronicProductTest" name="removeProduct" time="0.001"/>
  <testcase classname="com.Doms.ProductTest.ElectronicProductTest" name="updateProduct" time="0.001"/>
  <testcase classname="com.Doms.ProductTest.MenProductTest" name="addProduct" time="0.002"/>
  <testcase classname="com.Doms.ProductTest.MenProductTest" name="removeProduct" time="0.002"/>
  <testcase classname="com.Doms.ProductTest.MenProductTest" name="updateProduct" time="0.001"/>
</testsuite> <!-- ChromeTest -->
