<?xml version="1.0" encoding="UTF-8"?>
<!-- Generated by org.testng.reporters.JUnitXMLReporter -->
<testsuite ignored="0" hostname="LAPTOP-FQ655NHB" failures="0" tests="2" name="ChromeTest" time="0.091" errors="0" timestamp="2024-11-06T10:22:13 IST">
  <testcase classname="com.Doms.GenericLibrary.BaseTest" name="@BeforeClass browserSetup" time="0.024">
    <failure type="java.lang.NullPointerException" message="Cannot invoke &amp;quot;java.io.InputStream.markSupported()&amp;quot; because &amp;quot;stream&amp;quot; is null">
      <![CDATA[java.lang.NullPointerException: Cannot invoke "java.io.InputStream.markSupported()" because "stream" is null
at org.apache.poi.poifs.filesystem.FileMagic.prepareToCheckMagic(FileMagic.java:222)
at org.apache.poi.ss.usermodel.WorkbookFactory.create(WorkbookFactory.java:214)
at org.apache.poi.ss.usermodel.WorkbookFactory.create(WorkbookFactory.java:185)
at com.Doms.ExcelFileLibrary.ReadExcelFile.readSingleData(ReadExcelFile.java:29)
at com.Doms.GenericLibrary.BaseTest.browserSetup(BaseTest.java:62)
at java.base/java.util.ArrayList.forEach(ArrayList.java:1597)
... Removed 23 stack frames]]>
    </failure>
  </testcase> <!-- @BeforeClass browserSetup -->
  <testcase classname="com.Doms.GenericLibrary.BaseTest" name="@AfterClass terminateBrowser" time="-1.730868733433E9">
    <skipped/>
  </testcase> <!-- @AfterClass terminateBrowser -->
  <testcase classname="com.Doms.WelecomeTest.VerifyWelcomePageTest" name="verifyWelcomepagewithvalidinput" time="0.0">
    <skipped/>
  </testcase> <!-- verifyWelcomepagewithvalidinput -->
  <testcase classname="com.Doms.WelecomeTest.VerifyWelcomePageTest" name="VerifyWelcomePageWithInValidInput" time="0.0">
    <skipped/>
  </testcase> <!-- VerifyWelcomePageWithInValidInput -->
</testsuite> <!-- ChromeTest -->
