<?xml version="1.0" encoding="UTF-8"?>
<testng-results ignored="1" total="2" passed="1" failed="0" skipped="0">
  <reporter-output>
    <line>
      <![CDATA["Step1: Successully launched"]]>
    </line>
    <line>
      <![CDATA[Step1: Launch the Browser Success]]>
    </line>
    <line>
      <![CDATA[Step1.1:Maximized Browser Sucess]]>
    </line>
    <line>
      <![CDATA[Step2: Navigating the Application via URL Success]]>
    </line>
    <line>
      <![CDATA[Step10: Close the Browser Success]]>
    </line>
  </reporter-output>
  <suite started-at="2024-11-07T04:22:12 IST" name="Suite" finished-at="2024-11-07T04:22:23 IST" duration-ms="11157">
    <groups>
    </groups>
    <test started-at="2024-11-07T04:22:12 IST" name="Test" finished-at="2024-11-07T04:22:23 IST" duration-ms="11157">
      <class name="com.Doms.WelecomeTest.VerifyWelcomePageTest">
        <test-method is-config="true" signature="suiteSetup()[pri:0, instance:com.Doms.WelecomeTest.VerifyWelcomePageTest@45099dd3]" started-at="2024-11-07T04:22:11 IST" name="suiteSetup" finished-at="2024-11-07T04:22:12 IST" duration-ms="330" status="PASS">
          <reporter-output>
          </reporter-output>
        </test-method> <!-- suiteSetup -->
        <test-method is-config="true" signature="browserSetup(java.lang.String,java.lang.String)[pri:0, instance:com.Doms.WelecomeTest.VerifyWelcomePageTest@45099dd3]" started-at="2024-11-07T04:22:12 IST" name="browserSetup" finished-at="2024-11-07T04:22:20 IST" duration-ms="7984" status="PASS">
          <params>
            <param index="0">
              <value>
                <![CDATA[chrome]]>
              </value>
            </param>
            <param index="1">
              <value>
                <![CDATA[file:///C:/Users/AJJU/OneDrive/Desktop/Selenium/com.Doms/src/main/resources/Softwares/webpage.html]]>
              </value>
            </param>
          </params>
          <reporter-output>
            <line>
              <![CDATA["Step1: Successully launched"]]>
            </line>
            <line>
              <![CDATA[Step1: Launch the Browser Success]]>
            </line>
            <line>
              <![CDATA[Step1.1:Maximized Browser Sucess]]>
            </line>
            <line>
              <![CDATA[Step2: Navigating the Application via URL Success]]>
            </line>
          </reporter-output>
        </test-method> <!-- browserSetup -->
        <test-method signature="verifyWelcomepageWithValidInput()[pri:1, instance:com.Doms.WelecomeTest.VerifyWelcomePageTest@45099dd3]" started-at="2024-11-07T04:22:20 IST" name="verifyWelcomepageWithValidInput" finished-at="2024-11-07T04:22:22 IST" duration-ms="2557" status="PASS">
          <reporter-output>
          </reporter-output>
        </test-method> <!-- verifyWelcomepageWithValidInput -->
        <test-method is-config="true" signature="browserTermination()[pri:0, instance:com.Doms.WelecomeTest.VerifyWelcomePageTest@45099dd3]" started-at="2024-11-07T04:22:22 IST" name="browserTermination" finished-at="2024-11-07T04:22:23 IST" duration-ms="570" status="PASS">
          <reporter-output>
            <line>
              <![CDATA[Step10: Close the Browser Success]]>
            </line>
          </reporter-output>
        </test-method> <!-- browserTermination -->
        <test-method is-config="true" signature="suiteTerminateSetup()[pri:0, instance:com.Doms.WelecomeTest.VerifyWelcomePageTest@45099dd3]" started-at="2024-11-07T04:22:23 IST" name="suiteTerminateSetup" finished-at="2024-11-07T04:22:23 IST" duration-ms="383" status="PASS">
          <reporter-output>
          </reporter-output>
        </test-method> <!-- suiteTerminateSetup -->
      </class> <!-- com.Doms.WelecomeTest.VerifyWelcomePageTest -->
    </test> <!-- Test -->
  </suite> <!-- Suite -->
</testng-results>
